2023-07-21 08:08:42,927 [background-preinit] INFO  o.h.validator.internal.util.Version                [X-reqID=] - HV000001: Hibernate Validator 8.0.1.Final
2023-07-21 08:08:42,959 [restartedMain] INFO  b.c.p.p.PascoaMicroserviceApplication              [X-reqID=] - Starting PascoaMicroserviceApplication using Java 20.0.2 with PID 30904 (C:\Users\siul_\git\pascoa-microservice\target\classes started by siul_ in C:\Users\siul_\git\pascoa-microservice)
2023-07-21 08:08:42,960 [restartedMain] INFO  b.c.p.p.PascoaMicroserviceApplication              [X-reqID=] - The following 1 profile is active: "local"
2023-07-21 08:08:42,999 [restartedMain] INFO  o.s.b.d.e.DevToolsPropertyDefaultsPostProcessor    [X-reqID=] - Devtools property defaults active! Set 'spring.devtools.add-properties' to 'false' to disable
2023-07-21 08:08:43,000 [restartedMain] INFO  o.s.b.d.e.DevToolsPropertyDefaultsPostProcessor    [X-reqID=] - For additional web related logging consider setting the 'logging.level.web' property to 'DEBUG'
2023-07-21 08:08:43,451 [restartedMain] INFO  o.s.d.r.c.RepositoryConfigurationDelegate          [X-reqID=] - Bootstrapping Spring Data JPA repositories in DEFAULT mode.
2023-07-21 08:08:43,466 [restartedMain] INFO  o.s.d.r.c.RepositoryConfigurationDelegate          [X-reqID=] - Finished Spring Data repository scanning in 10 ms. Found 0 JPA repository interfaces.
2023-07-21 08:08:44,016 [restartedMain] INFO  o.s.b.w.embedded.tomcat.TomcatWebServer            [X-reqID=] - Tomcat initialized with port(s): 8080 (http)
2023-07-21 08:08:44,023 [restartedMain] INFO  o.apache.coyote.http11.Http11NioProtocol           [X-reqID=] - Initializing ProtocolHandler ["http-nio-8080"]
2023-07-21 08:08:44,025 [restartedMain] INFO  o.apache.catalina.core.StandardService             [X-reqID=] - Starting service [Tomcat]
2023-07-21 08:08:44,025 [restartedMain] INFO  org.apache.catalina.core.StandardEngine            [X-reqID=] - Starting Servlet engine: [Apache Tomcat/10.1.11]
2023-07-21 08:08:44,080 [restartedMain] INFO  o.a.c.c.C.[Tomcat].[localhost].[/]                 [X-reqID=] - Initializing Spring embedded WebApplicationContext
2023-07-21 08:08:44,080 [restartedMain] INFO  o.s.b.w.s.c.ServletWebServerApplicationContext     [X-reqID=] - Root WebApplicationContext: initialization completed in 1080 ms
2023-07-21 08:08:44,102 [restartedMain] INFO  com.zaxxer.hikari.HikariDataSource                 [X-reqID=] - HikariPool-1 - Starting...
2023-07-21 08:08:44,284 [restartedMain] INFO  com.zaxxer.hikari.pool.HikariPool                  [X-reqID=] - HikariPool-1 - Added connection conn0: url=jdbc:h2:mem:pascoa_db user=SA
2023-07-21 08:08:44,286 [restartedMain] INFO  com.zaxxer.hikari.HikariDataSource                 [X-reqID=] - HikariPool-1 - Start completed.
2023-07-21 08:08:44,300 [restartedMain] INFO  o.s.b.a.h2.H2ConsoleAutoConfiguration              [X-reqID=] - H2 console available at '/h2-console'. Database available at 'jdbc:h2:mem:pascoa_db'
2023-07-21 08:08:44,362 [restartedMain] INFO  b.c.p.p.filter.RequestFilter                       [X-reqID=] - Inicio
2023-07-21 08:08:44,458 [restartedMain] INFO  o.hibernate.jpa.internal.util.LogHelper            [X-reqID=] - HHH000204: Processing PersistenceUnitInfo [name: default]
2023-07-21 08:08:44,508 [restartedMain] INFO  org.hibernate.Version                              [X-reqID=] - HHH000412: Hibernate ORM core version 6.2.6.Final
2023-07-21 08:08:44,511 [restartedMain] INFO  org.hibernate.cfg.Environment                      [X-reqID=] - HHH000406: Using bytecode reflection optimizer
2023-07-21 08:08:44,640 [restartedMain] INFO  o.h.b.internal.BytecodeProviderInitiator           [X-reqID=] - HHH000021: Bytecode provider name : bytebuddy
2023-07-21 08:08:44,770 [restartedMain] INFO  o.s.o.j.p.SpringPersistenceUnitInfo                [X-reqID=] - No LoadTimeWeaver setup: ignoring JPA class transformer
2023-07-21 08:08:44,863 [restartedMain] INFO  o.h.b.internal.BytecodeProviderInitiator           [X-reqID=] - HHH000021: Bytecode provider name : bytebuddy
2023-07-21 08:08:45,028 [restartedMain] INFO  o.h.e.t.j.p.i.JtaPlatformInitiator                 [X-reqID=] - HHH000490: Using JtaPlatform implementation: [org.hibernate.engine.transaction.jta.platform.internal.NoJtaPlatform]
2023-07-21 08:08:45,032 [restartedMain] INFO  o.s.o.j.LocalContainerEntityManagerFactoryBean     [X-reqID=] - Initialized JPA EntityManagerFactory for persistence unit 'default'
2023-07-21 08:08:45,387 [restartedMain] INFO  o.s.b.d.a.OptionalLiveReloadServer                 [X-reqID=] - LiveReload server is running on port 35729
2023-07-21 08:08:45,401 [restartedMain] INFO  o.apache.coyote.http11.Http11NioProtocol           [X-reqID=] - Starting ProtocolHandler ["http-nio-8080"]
2023-07-21 08:08:45,427 [restartedMain] INFO  o.s.b.w.embedded.tomcat.TomcatWebServer            [X-reqID=] - Tomcat started on port(s): 8080 (http) with context path ''
2023-07-21 08:08:45,435 [restartedMain] INFO  b.c.p.p.PascoaMicroserviceApplication              [X-reqID=] - Started PascoaMicroserviceApplication in 2.901 seconds (process running for 3.353)
2023-07-21 08:08:53,169 [http-nio-8080-exec-1] INFO  o.a.c.c.C.[Tomcat].[localhost].[/]                 [X-reqID=] - Initializing Spring DispatcherServlet 'dispatcherServlet'
2023-07-21 08:08:53,169 [http-nio-8080-exec-1] INFO  o.s.web.servlet.DispatcherServlet                  [X-reqID=] - Initializing Servlet 'dispatcherServlet'
2023-07-21 08:08:53,170 [http-nio-8080-exec-1] INFO  o.s.web.servlet.DispatcherServlet                  [X-reqID=] - Completed initialization in 1 ms
2023-07-21 08:08:53,173 [http-nio-8080-exec-1] INFO  b.c.p.p.filter.RequestFilter                       [X-reqID=] - Request IP address is 0:0:0:0:0:0:0:1
2023-07-21 08:08:53,189 [http-nio-8080-exec-1] INFO  b.c.p.p.controller.CustomHealthCheck               [X-reqID=] - Health Check: OK
2023-07-21 20:47:12,230 [background-preinit] INFO  o.h.validator.internal.util.Version                [X-reqID=] - HV000001: Hibernate Validator 8.0.1.Final
2023-07-21 20:47:12,270 [restartedMain] INFO  b.c.p.p.PascoaMicroserviceApplication              [X-reqID=] - Starting PascoaMicroserviceApplication using Java 20.0.2 with PID 23436 (C:\Users\siul_\git\pascoa-microservice\target\classes started by siul_ in C:\Users\siul_\git\pascoa-microservice)
2023-07-21 20:47:12,271 [restartedMain] INFO  b.c.p.p.PascoaMicroserviceApplication              [X-reqID=] - The following 1 profile is active: "local"
2023-07-21 20:47:12,325 [restartedMain] INFO  o.s.b.d.e.DevToolsPropertyDefaultsPostProcessor    [X-reqID=] - Devtools property defaults active! Set 'spring.devtools.add-properties' to 'false' to disable
2023-07-21 20:47:12,325 [restartedMain] INFO  o.s.b.d.e.DevToolsPropertyDefaultsPostProcessor    [X-reqID=] - For additional web related logging consider setting the 'logging.level.web' property to 'DEBUG'
2023-07-21 20:47:13,060 [restartedMain] INFO  o.s.d.r.c.RepositoryConfigurationDelegate          [X-reqID=] - Bootstrapping Spring Data JPA repositories in DEFAULT mode.
2023-07-21 20:47:13,076 [restartedMain] INFO  o.s.d.r.c.RepositoryConfigurationDelegate          [X-reqID=] - Finished Spring Data repository scanning in 10 ms. Found 0 JPA repository interfaces.
2023-07-21 20:47:13,691 [restartedMain] INFO  o.s.b.w.embedded.tomcat.TomcatWebServer            [X-reqID=] - Tomcat initialized with port(s): 8080 (http)
2023-07-21 20:47:13,699 [restartedMain] INFO  o.apache.coyote.http11.Http11NioProtocol           [X-reqID=] - Initializing ProtocolHandler ["http-nio-8080"]
2023-07-21 20:47:13,702 [restartedMain] INFO  o.apache.catalina.core.StandardService             [X-reqID=] - Starting service [Tomcat]
2023-07-21 20:47:13,702 [restartedMain] INFO  org.apache.catalina.core.StandardEngine            [X-reqID=] - Starting Servlet engine: [Apache Tomcat/10.1.11]
2023-07-21 20:47:13,771 [restartedMain] INFO  o.a.c.c.C.[Tomcat].[localhost].[/]                 [X-reqID=] - Initializing Spring embedded WebApplicationContext
2023-07-21 20:47:13,771 [restartedMain] INFO  o.s.b.w.s.c.ServletWebServerApplicationContext     [X-reqID=] - Root WebApplicationContext: initialization completed in 1445 ms
2023-07-21 20:47:13,861 [restartedMain] INFO  com.zaxxer.hikari.HikariDataSource                 [X-reqID=] - HikariPool-1 - Starting...
2023-07-21 20:47:14,060 [restartedMain] INFO  com.zaxxer.hikari.pool.HikariPool                  [X-reqID=] - HikariPool-1 - Added connection conn0: url=jdbc:h2:mem:pascoa_db user=SA
2023-07-21 20:47:14,061 [restartedMain] INFO  com.zaxxer.hikari.HikariDataSource                 [X-reqID=] - HikariPool-1 - Start completed.
2023-07-21 20:47:14,070 [restartedMain] INFO  o.s.b.a.h2.H2ConsoleAutoConfiguration              [X-reqID=] - H2 console available at '/h2-console'. Database available at 'jdbc:h2:mem:pascoa_db'
2023-07-21 20:47:14,130 [restartedMain] INFO  b.c.p.p.filter.RequestFilter                       [X-reqID=] - Inicio
2023-07-21 20:47:14,235 [restartedMain] INFO  o.hibernate.jpa.internal.util.LogHelper            [X-reqID=] - HHH000204: Processing PersistenceUnitInfo [name: default]
2023-07-21 20:47:14,303 [restartedMain] INFO  org.hibernate.Version                              [X-reqID=] - HHH000412: Hibernate ORM core version 6.2.6.Final
2023-07-21 20:47:14,309 [restartedMain] INFO  org.hibernate.cfg.Environment                      [X-reqID=] - HHH000406: Using bytecode reflection optimizer
2023-07-21 20:47:14,437 [restartedMain] INFO  o.h.b.internal.BytecodeProviderInitiator           [X-reqID=] - HHH000021: Bytecode provider name : bytebuddy
2023-07-21 20:47:14,551 [restartedMain] INFO  o.s.o.j.p.SpringPersistenceUnitInfo                [X-reqID=] - No LoadTimeWeaver setup: ignoring JPA class transformer
2023-07-21 20:47:14,671 [restartedMain] INFO  o.h.b.internal.BytecodeProviderInitiator           [X-reqID=] - HHH000021: Bytecode provider name : bytebuddy
2023-07-21 20:47:14,828 [restartedMain] INFO  o.h.e.t.j.p.i.JtaPlatformInitiator                 [X-reqID=] - HHH000490: Using JtaPlatform implementation: [org.hibernate.engine.transaction.jta.platform.internal.NoJtaPlatform]
2023-07-21 20:47:14,832 [restartedMain] INFO  o.s.o.j.LocalContainerEntityManagerFactoryBean     [X-reqID=] - Initialized JPA EntityManagerFactory for persistence unit 'default'
2023-07-21 20:47:15,452 [restartedMain] INFO  o.s.b.d.a.OptionalLiveReloadServer                 [X-reqID=] - LiveReload server is running on port 35729
2023-07-21 20:47:15,466 [restartedMain] INFO  o.s.b.a.e.web.EndpointLinksResolver                [X-reqID=] - Exposing 1 endpoint(s) beneath base path '/actuator'
2023-07-21 20:47:15,576 [restartedMain] INFO  o.apache.coyote.http11.Http11NioProtocol           [X-reqID=] - Starting ProtocolHandler ["http-nio-8080"]
2023-07-21 20:47:15,604 [restartedMain] INFO  o.s.b.w.embedded.tomcat.TomcatWebServer            [X-reqID=] - Tomcat started on port(s): 8080 (http) with context path ''
2023-07-21 20:47:15,620 [restartedMain] INFO  b.c.p.p.PascoaMicroserviceApplication              [X-reqID=] - Started PascoaMicroserviceApplication in 3.851 seconds (process running for 4.344)
